app/build/outputs/logs/manifest-merger-debug-report.txt
-- Merging decision tree log ---
manifest
ADDED from src\main\AndroidManifest.xml:2:1-64:12
INJECTED from src\main\AndroidManifest.xml:2:1-64:12
INJECTED from src\main\AndroidManifest.xml:2:1-64:12
INJECTED from src\main\AndroidManifest.xml:2:1-64:12
MERGED from [:kelasi.api] AndroidManifest.xml:2:1-19:12
MERGED from [com.android.support:design:27.1.0] AndroidManifest.xml:17:1-22:12
MERGED from [com.android.support:appcompat-v7:28.0.0] AndroidManifest.xml:17:1-22:12
MERGED from [com.android.support:recyclerview-v7:27.1.0] AndroidManifest.xml:17:1-22:12
MERGED from [com.android.support:cardview-v7:27.1.0] AndroidManifest.xml:17:1-22:12
MERGED from [com.android.support:support-v4:27.1.0] AndroidManifest.xml:17:1-22:12
MERGED from [com.android.support:transition:27.1.0] AndroidManifest.xml:17:1-22:12
MERGED from [com.android.support:support-fragment:28.0.0] AndroidManifest.xml:17:1-22:12
MERGED from [com.android.support:animated-vector-drawable:28.0.0] AndroidManifest.xml:17:1-22:12
MERGED from [com.android.support:support-core-ui:28.0.0] AndroidManifest.xml:17:1-22:12
MERGED from [com.android.support:support-core-utils:28.0.0] AndroidManifest.xml:17:1-22:12
MERGED from [com.android.support:support-vector-drawable:28.0.0] AndroidManifest.xml:17:1-22:12
MERGED from [com.android.support:support-media-compat:27.1.0] AndroidManifest.xml:17:1-22:12
MERGED from [com.android.support:loader:28.0.0] AndroidManifest.xml:17:1-22:12
MERGED from [com.android.support:viewpager:28.0.0] AndroidManifest.xml:17:1-22:12
MERGED from [com.android.support:coordinatorlayout:28.0.0] AndroidManifest.xml:17:1-22:12
MERGED from [com.android.support:drawerlayout:28.0.0] AndroidManifest.xml:17:1-22:12
MERGED from [com.android.support:slidingpanelayout:28.0.0] AndroidManifest.xml:17:1-22:12
MERGED from [com.android.support:customview:28.0.0] AndroidManifest.xml:17:1-22:12
MERGED from [com.android.support:swiperefreshlayout:28.0.0] AndroidManifest.xml:17:1-22:12
MERGED from [com.android.support:asynclayoutinflater:28.0.0] AndroidManifest.xml:17:1-22:12
MERGED from [com.android.support:support-compat:28.0.0] AndroidManifest.xml:17:1-24:12
MERGED from [com.android.support:versionedparcelable:28.0.0] AndroidManifest.xml:17:1-25:12
MERGED from [com.android.support:cursoradapter:28.0.0] AndroidManifest.xml:17:1-22:12
MERGED from [android.arch.lifecycle:runtime:1.1.1] AndroidManifest.xml:17:1-22:12
MERGED from [com.android.support:documentfile:28.0.0] AndroidManifest.xml:17:1-22:12
MERGED from [com.android.support:localbroadcastmanager:28.0.0] AndroidManifest.xml:17:1-22:12
MERGED from [com.android.support:print:28.0.0] AndroidManifest.xml:17:1-22:12
MERGED from [android.arch.lifecycle:viewmodel:1.1.1] AndroidManifest.xml:17:1-22:12
MERGED from [android.arch.lifecycle:livedata:1.1.1] AndroidManifest.xml:17:1-22:12
MERGED from [android.arch.lifecycle:livedata-core:1.1.1] AndroidManifest.xml:17:1-22:12
MERGED from [android.arch.core:runtime:1.1.1] AndroidManifest.xml:17:1-22:12
MERGED from [com.android.support:interpolator:28.0.0] AndroidManifest.xml:17:1-22:12
INJECTED from src\main\AndroidManifest.xml:2:1-64:12
INJECTED from src\main\AndroidManifest.xml:2:1-64:12
INJECTED from src\main\AndroidManifest.xml:2:1-64:12
	package
		ADDED from src\main\AndroidManifest.xml:2:122-165
		INJECTED from src\main\AndroidManifest.xml
		INJECTED from src\main\AndroidManifest.xml
	android:versionName
		ADDED from src\main\AndroidManifest.xml:2:94-121
		INJECTED from src\main\AndroidManifest.xml
		INJECTED from src\main\AndroidManifest.xml
	xmlns:android
		ADDED from src\main\AndroidManifest.xml:2:11-69
	android:versionCode
		ADDED from src\main\AndroidManifest.xml:2:70-93
		INJECTED from src\main\AndroidManifest.xml
		INJECTED from src\main\AndroidManifest.xml
	platformBuildVersionName
		ADDED from src\main\AndroidManifest.xml:2:196-228
	platformBuildVersionCode
		ADDED from src\main\AndroidManifest.xml:2:166-195
uses-permission#android.permission.GET_ACCOUNTS
ADDED from src\main\AndroidManifest.xml:4:5-71
	android:name
		ADDED from src\main\AndroidManifest.xml:4:22-68
uses-permission#android.permission.READ_PROFILE
ADDED from src\main\AndroidManifest.xml:5:5-71
	android:name
		ADDED from src\main\AndroidManifest.xml:5:22-68
uses-permission#android.permission.READ_CONTACTS
ADDED from src\main\AndroidManifest.xml:6:5-72
	android:name
		ADDED from src\main\AndroidManifest.xml:6:22-69
uses-permission#android.permission.RECEIVE_BOOT_COMPLETED
ADDED from src\main\AndroidManifest.xml:7:5-81
	android:name
		ADDED from src\main\AndroidManifest.xml:7:22-78
uses-permission#android.permission.ACCESS_NETWORK_STATE
ADDED from src\main\AndroidManifest.xml:8:5-79
	android:name
		ADDED from src\main\AndroidManifest.xml:8:22-76
uses-permission#android.permission.INTERNET
ADDED from src\main\AndroidManifest.xml:9:5-67
MERGED from [:kelasi.api] AndroidManifest.xml:11:5-67
MERGED from [:kelasi.api] AndroidManifest.xml:11:5-67
	android:name
		ADDED from src\main\AndroidManifest.xml:9:22-64
uses-permission#com.sec.android.provider.badge.permission.READ
ADDED from src\main\AndroidManifest.xml:10:5-86
	android:name
		ADDED from src\main\AndroidManifest.xml:10:22-83
uses-permission#com.sec.android.provider.badge.permission.WRITE
ADDED from src\main\AndroidManifest.xml:11:5-87
	android:name
		ADDED from src\main\AndroidManifest.xml:11:22-84
uses-permission#com.htc.launcher.permission.READ_SETTINGS
ADDED from src\main\AndroidManifest.xml:12:5-81
	android:name
		ADDED from src\main\AndroidManifest.xml:12:22-78
uses-permission#com.htc.launcher.permission.UPDATE_SHORTCUT
ADDED from src\main\AndroidManifest.xml:13:5-83
	android:name
		ADDED from src\main\AndroidManifest.xml:13:22-80
uses-permission#com.sonyericsson.home.permission.BROADCAST_BADGE
ADDED from src\main\AndroidManifest.xml:14:5-88
	android:name
		ADDED from src\main\AndroidManifest.xml:14:22-85
uses-permission#com.sonymobile.home.permission.PROVIDER_INSERT_BADGE
ADDED from src\main\AndroidManifest.xml:15:5-92
	android:name
		ADDED from src\main\AndroidManifest.xml:15:22-89
uses-permission#com.anddoes.launcher.permission.UPDATE_COUNT
ADDED from src\main\AndroidManifest.xml:16:5-84
	android:name
		ADDED from src\main\AndroidManifest.xml:16:22-81
uses-permission#com.majeur.launcher.permission.UPDATE_BADGE
ADDED from src\main\AndroidManifest.xml:17:5-83
	android:name
		ADDED from src\main\AndroidManifest.xml:17:22-80
uses-permission#com.huawei.android.launcher.permission.CHANGE_BADGE
ADDED from src\main\AndroidManifest.xml:18:5-91
	android:name
		ADDED from src\main\AndroidManifest.xml:18:22-88
uses-permission#com.huawei.android.launcher.permission.READ_SETTINGS
ADDED from src\main\AndroidManifest.xml:19:5-92
	android:name
		ADDED from src\main\AndroidManifest.xml:19:22-89
uses-permission#com.huawei.android.launcher.permission.WRITE_SETTINGS
ADDED from src\main\AndroidManifest.xml:20:5-93
	android:name
		ADDED from src\main\AndroidManifest.xml:20:22-90
uses-permission#android.permission.READ_APP_BADGE
ADDED from src\main\AndroidManifest.xml:21:5-73
	android:name
		ADDED from src\main\AndroidManifest.xml:21:22-70
application
ADDED from src\main\AndroidManifest.xml:22:5-63:19
MERGED from [:kelasi.api] AndroidManifest.xml:13:5-17:19
MERGED from [:kelasi.api] AndroidManifest.xml:13:5-17:19
MERGED from [com.android.support:support-compat:28.0.0] AndroidManifest.xml:22:5-94
MERGED from [com.android.support:support-compat:28.0.0] AndroidManifest.xml:22:5-94
MERGED from [com.android.support:versionedparcelable:28.0.0] AndroidManifest.xml:22:5-23:19
MERGED from [com.android.support:versionedparcelable:28.0.0] AndroidManifest.xml:22:5-23:19
	android:appComponentFactory
		ADDED from [com.android.support:support-compat:28.0.0] AndroidManifest.xml:22:18-91
	android:supportsRtl
		ADDED from src\main\AndroidManifest.xml:22:226-252
	android:label
		ADDED from src\main\AndroidManifest.xml:22:57-89
	android:icon
		ADDED from src\main\AndroidManifest.xml:22:90-124
	android:allowBackup
		ADDED from src\main\AndroidManifest.xml:22:199-225
	android:theme
		ADDED from src\main\AndroidManifest.xml:22:18-56
	android:name
		ADDED from src\main\AndroidManifest.xml:22:125-198
service#pro.novatech.solutions.app.cicole.fragment.notifications.service.NotificationJob
ADDED from src\main\AndroidManifest.xml:23:9-173
	android:permission
		ADDED from src\main\AndroidManifest.xml:23:114-170
	android:name
		ADDED from src\main\AndroidManifest.xml:23:18-113
activity#pro.novatech.solutions.app.cicole.WelcomeActivity
ADDED from src\main\AndroidManifest.xml:24:9-36:20
	android:name
		ADDED from src\main\AndroidManifest.xml:24:19-83
intent-filter#action:name:android.intent.action.MAIN+action:name:android.intent.action.SEARCH+action:name:android.intent.action.VIEW+category:name:android.intent.category.LAUNCHER
ADDED from src\main\AndroidManifest.xml:25:13-35:29
action#android.intent.action.MAIN
ADDED from src\main\AndroidManifest.xml:26:17-69
	android:name
		ADDED from src\main\AndroidManifest.xml:26:25-66
action#android.intent.action.SEARCH
ADDED from src\main\AndroidManifest.xml:28:21-75
	android:name
		ADDED from src\main\AndroidManifest.xml:28:29-72
action#android.intent.action.VIEW
ADDED from src\main\AndroidManifest.xml:31:21-73
	android:name
		ADDED from src\main\AndroidManifest.xml:31:29-70
category#android.intent.category.LAUNCHER
ADDED from src\main\AndroidManifest.xml:33:17-77
	android:name
		ADDED from src\main\AndroidManifest.xml:33:27-74
activity#pro.novatech.solutions.app.cicole.LoginActivity
ADDED from src\main\AndroidManifest.xml:37:9-129
	android:label
		ADDED from src\main\AndroidManifest.xml:37:19-63
	android:name
		ADDED from src\main\AndroidManifest.xml:37:64-126
activity#pro.novatech.solutions.app.cicole.MainActivity
ADDED from src\main\AndroidManifest.xml:38:9-127
	android:label
		ADDED from src\main\AndroidManifest.xml:38:19-62
	android:name
		ADDED from src\main\AndroidManifest.xml:38:63-124
activity#pro.novatech.solutions.app.cicole.TextMessageActivity
ADDED from src\main\AndroidManifest.xml:39:9-41:20
	android:parentActivityName
		ADDED from src\main\AndroidManifest.xml:39:141-216
	android:label
		ADDED from src\main\AndroidManifest.xml:39:19-71
	android:name
		ADDED from src\main\AndroidManifest.xml:39:72-140
meta-data#android.support.PARENT_ACTIVITY
ADDED from src\main\AndroidManifest.xml:40:13-136
	android:value
		ADDED from src\main\AndroidManifest.xml:40:71-133
	android:name
		ADDED from src\main\AndroidManifest.xml:40:24-70
activity#pro.novatech.solutions.app.cicole.SendMessageActivity
ADDED from src\main\AndroidManifest.xml:42:9-44:20
	android:parentActivityName
		ADDED from src\main\AndroidManifest.xml:42:140-215
	android:label
		ADDED from src\main\AndroidManifest.xml:42:19-70
	android:name
		ADDED from src\main\AndroidManifest.xml:42:71-139
activity#pro.novatech.solutions.app.cicole.StudentActivity
ADDED from src\main\AndroidManifest.xml:45:9-48:20
	android:parentActivityName
		ADDED from src\main\AndroidManifest.xml:46:13-88
	android:label
		ADDED from src\main\AndroidManifest.xml:45:19-65
	android:name
		ADDED from src\main\AndroidManifest.xml:45:66-130
activity#pro.novatech.solutions.app.cicole.SingleNewsActivity
ADDED from src\main\AndroidManifest.xml:49:9-51:20
	android:parentActivityName
		ADDED from src\main\AndroidManifest.xml:49:87-162
	android:name
		ADDED from src\main\AndroidManifest.xml:49:19-86
activity#pro.novatech.solutions.app.cicole.StudentAttendanceActivity
ADDED from src\main\AndroidManifest.xml:52:9-54:20
	android:parentActivityName
		ADDED from src\main\AndroidManifest.xml:52:94-169
	android:name
		ADDED from src\main\AndroidManifest.xml:52:19-93
activity#pro.novatech.solutions.app.cicole.ExamActivity
ADDED from src\main\AndroidManifest.xml:55:9-57:20
	android:parentActivityName
		ADDED from src\main\AndroidManifest.xml:55:81-156
	android:name
		ADDED from src\main\AndroidManifest.xml:55:19-80
activity#pro.novatech.solutions.app.cicole.AddExamActivity
ADDED from src\main\AndroidManifest.xml:58:9-86
	android:name
		ADDED from src\main\AndroidManifest.xml:58:19-83
activity#pro.novatech.solutions.app.cicole.TeacherMarksActivity
ADDED from src\main\AndroidManifest.xml:59:9-61:20
	android:parentActivityName
		ADDED from src\main\AndroidManifest.xml:59:89-164
	android:name
		ADDED from src\main\AndroidManifest.xml:59:19-88
uses-sdk
INJECTED from src\main\AndroidManifest.xml reason: use-sdk injection requested
INJECTED from src\main\AndroidManifest.xml
INJECTED from src\main\AndroidManifest.xml
MERGED from [:kelasi.api] AndroidManifest.xml:7:5-9:41
MERGED from [:kelasi.api] AndroidManifest.xml:7:5-9:41
MERGED from [com.android.support:design:27.1.0] AndroidManifest.xml:20:5-44
MERGED from [com.android.support:design:27.1.0] AndroidManifest.xml:20:5-44
MERGED from [com.android.support:appcompat-v7:28.0.0] AndroidManifest.xml:20:5-44
MERGED from [com.android.support:appcompat-v7:28.0.0] AndroidManifest.xml:20:5-44
MERGED from [com.android.support:recyclerview-v7:27.1.0] AndroidManifest.xml:20:5-44
MERGED from [com.android.support:recyclerview-v7:27.1.0] AndroidManifest.xml:20:5-44
MERGED from [com.android.support:cardview-v7:27.1.0] AndroidManifest.xml:20:5-44
MERGED from [com.android.support:cardview-v7:27.1.0] AndroidManifest.xml:20:5-44
MERGED from [com.android.support:support-v4:27.1.0] AndroidManifest.xml:20:5-44
MERGED from [com.android.support:support-v4:27.1.0] AndroidManifest.xml:20:5-44
MERGED from [com.android.support:transition:27.1.0] AndroidManifest.xml:20:5-44
MERGED from [com.android.support:transition:27.1.0] AndroidManifest.xml:20:5-44
MERGED from [com.android.support:support-fragment:28.0.0] AndroidManifest.xml:20:5-44
MERGED from [com.android.support:support-fragment:28.0.0] AndroidManifest.xml:20:5-44
MERGED from [com.android.support:animated-vector-drawable:28.0.0] AndroidManifest.xml:20:5-44
MERGED from [com.android.support:animated-vector-drawable:28.0.0] AndroidManifest.xml:20:5-44
MERGED from [com.android.support:support-core-ui:28.0.0] AndroidManifest.xml:20:5-44
MERGED from [com.android.support:support-core-ui:28.0.0] AndroidManifest.xml:20:5-44
MERGED from [com.android.support:support-core-utils:28.0.0] AndroidManifest.xml:20:5-44
MERGED from [com.android.support:support-core-utils:28.0.0] AndroidManifest.xml:20:5-44
MERGED from [com.android.support:support-vector-drawable:28.0.0] AndroidManifest.xml:20:5-44
MERGED from [com.android.support:support-vector-drawable:28.0.0] AndroidManifest.xml:20:5-44
MERGED from [com.android.support:support-media-compat:27.1.0] AndroidManifest.xml:20:5-44
MERGED from [com.android.support:support-media-compat:27.1.0] AndroidManifest.xml:20:5-44
MERGED from [com.android.support:loader:28.0.0] AndroidManifest.xml:20:5-44
MERGED from [com.android.support:loader:28.0.0] AndroidManifest.xml:20:5-44
MERGED from [com.android.support:viewpager:28.0.0] AndroidManifest.xml:20:5-44
MERGED from [com.android.support:viewpager:28.0.0] AndroidManifest.xml:20:5-44
MERGED from [com.android.support:coordinatorlayout:28.0.0] AndroidManifest.xml:20:5-44
MERGED from [com.android.support:coordinatorlayout:28.0.0] AndroidManifest.xml:20:5-44
MERGED from [com.android.support:drawerlayout:28.0.0] AndroidManifest.xml:20:5-44
MERGED from [com.android.support:drawerlayout:28.0.0] AndroidManifest.xml:20:5-44
MERGED from [com.android.support:slidingpanelayout:28.0.0] AndroidManifest.xml:20:5-44
MERGED from [com.android.support:slidingpanelayout:28.0.0] AndroidManifest.xml:20:5-44
MERGED from [com.android.support:customview:28.0.0] AndroidManifest.xml:20:5-44
MERGED from [com.android.support:customview:28.0.0] AndroidManifest.xml:20:5-44
MERGED from [com.android.support:swiperefreshlayout:28.0.0] AndroidManifest.xml:20:5-44
MERGED from [com.android.support:swiperefreshlayout:28.0.0] AndroidManifest.xml:20:5-44
MERGED from [com.android.support:asynclayoutinflater:28.0.0] AndroidManifest.xml:20:5-44
MERGED from [com.android.support:asynclayoutinflater:28.0.0] AndroidManifest.xml:20:5-44
MERGED from [com.android.support:support-compat:28.0.0] AndroidManifest.xml:20:5-44
MERGED from [com.android.support:support-compat:28.0.0] AndroidManifest.xml:20:5-44
MERGED from [com.android.support:versionedparcelable:28.0.0] AndroidManifest.xml:20:5-44
MERGED from [com.android.support:versionedparcelable:28.0.0] AndroidManifest.xml:20:5-44
MERGED from [com.android.support:cursoradapter:28.0.0] AndroidManifest.xml:20:5-44
MERGED from [com.android.support:cursoradapter:28.0.0] AndroidManifest.xml:20:5-44
MERGED from [android.arch.lifecycle:runtime:1.1.1] AndroidManifest.xml:20:5-44
MERGED from [android.arch.lifecycle:runtime:1.1.1] AndroidManifest.xml:20:5-44
MERGED from [com.android.support:documentfile:28.0.0] AndroidManifest.xml:20:5-44
MERGED from [com.android.support:documentfile:28.0.0] AndroidManifest.xml:20:5-44
MERGED from [com.android.support:localbroadcastmanager:28.0.0] AndroidManifest.xml:20:5-44
MERGED from [com.android.support:localbroadcastmanager:28.0.0] AndroidManifest.xml:20:5-44
MERGED from [com.android.support:print:28.0.0] AndroidManifest.xml:20:5-44
MERGED from [com.android.support:print:28.0.0] AndroidManifest.xml:20:5-44
MERGED from [android.arch.lifecycle:viewmodel:1.1.1] AndroidManifest.xml:20:5-44
MERGED from [android.arch.lifecycle:viewmodel:1.1.1] AndroidManifest.xml:20:5-44
MERGED from [android.arch.lifecycle:livedata:1.1.1] AndroidManifest.xml:20:5-44
MERGED from [android.arch.lifecycle:livedata:1.1.1] AndroidManifest.xml:20:5-44
MERGED from [android.arch.lifecycle:livedata-core:1.1.1] AndroidManifest.xml:20:5-44
MERGED from [android.arch.lifecycle:livedata-core:1.1.1] AndroidManifest.xml:20:5-44
MERGED from [android.arch.core:runtime:1.1.1] AndroidManifest.xml:20:5-44
MERGED from [android.arch.core:runtime:1.1.1] AndroidManifest.xml:20:5-44
MERGED from [com.android.support:interpolator:28.0.0] AndroidManifest.xml:20:5-44
MERGED from [com.android.support:interpolator:28.0.0] AndroidManifest.xml:20:5-44
INJECTED from src\main\AndroidManifest.xml
INJECTED from src\main\AndroidManifest.xml
	android:targetSdkVersion
		INJECTED from src\main\AndroidManifest.xml
		ADDED from src\main\AndroidManifest.xml
		INJECTED from src\main\AndroidManifest.xml
	android:minSdkVersion
		INJECTED from src\main\AndroidManifest.xml
		ADDED from src\main\AndroidManifest.xml
		INJECTED from src\main\AndroidManifest.xml